commit 6dc2ee3dd019fa21e8a7767ea2d3a7a701c6f59f
Author: User <drconnoramerica@utexas.edu>
Date:   Fri Apr 10 02:58:06 2015 +0000

    update tests

commit 7ec67338343e6735ac86c708a3912b3f7c67a0ef
Merge: 721ad54 c68f59d
Author: User <drconnoramerica@utexas.edu>
Date:   Fri Apr 10 02:51:27 2015 +0000

    Merge branch 'master' of https://github.com/stmayne/cs373-idb

commit 721ad54dc7fa1b0ade570b1905a5fe41030c5bce
Author: User <drconnoramerica@utexas.edu>
Date:   Fri Apr 10 02:50:56 2015 +0000

    Reran tests

commit c68f59df1561b16673b794e28a7694ad951e3097
Author: Stephen Mayne <smayne@wireless-10-147-35-156.public.utexas.edu>
Date:   Thu Apr 9 21:50:41 2015 -0500

    new statistics added

commit 2408ae48dac9ca1561b26892dc87b2bcd74c6d90
Author: User <drconnoramerica@utexas.edu>
Date:   Fri Apr 10 02:42:36 2015 +0000

    add API unit tests

commit 2b4c80dbf51c7a558fa6488dff1f69a20aa44095
Author: rorytrankler <rory.trankler@gmail.com>
Date:   Thu Apr 9 21:29:26 2015 -0500

    Fixes page background to not tile (repeat)
    
    using background size and no repeat, the background image no longer
    repeats for large screen sizes.

commit 318e9d7acfbd88f18948cddd4a6f9d6e090f5f3d
Author: rorytrankler <rory.trankler@gmail.com>
Date:   Thu Apr 9 21:18:47 2015 -0500

    Adds search bar to header
    
    search bar now works on header pages

commit b5f7cca6c273ddf81433f157b2361072eaf2c95d
Author: rorytrankler <rory.trankler@gmail.com>
Date:   Thu Apr 9 21:13:22 2015 -0500

    Implements search bar on homepage
    
    Search bar submit now sends to directory

commit 0caa133da854d48ce7fd0f96532cb8d3fc09f322
Author: Matthew Stromberg <mcmcmatthew@gmail.com>
Date:   Thu Apr 9 21:00:16 2015 -0500

    Transferring blueprint from apiary.io

commit d4a897b91cf2ae732912c5bb4e5a751c655b7a74
Author: rorytrankler <rory.trankler@gmail.com>
Date:   Thu Apr 9 20:48:31 2015 -0500

    Adds commas between relationships
    
    Adds commas between related shows, comics, characters

commit 9de267ab1bd56ac8d0ff8bf9b6c64303acea3344
Author: rorytrankler <rory.trankler@gmail.com>
Date:   Thu Apr 9 20:12:22 2015 -0500

    Fixes text from going under image on left
    
    Image now has div wrapper which fixes it to the left side of the outer
    div.

commit ee2be26c89388d9179619452bdad4a2caedb7400
Author: User <drconnoramerica@utexas.edu>
Date:   Fri Apr 10 00:57:46 2015 +0000

    Reran pydoc

commit 6e1ea69330a926fb03d43f596c239d473e705e2f
Author: Matthew Stromberg <mcmcmatthew@gmail.com>
Date:   Thu Apr 9 19:51:13 2015 -0500

    Transferring blueprint from apiary.io

commit 198c6dfc90b1d59f73fe9672255e9df1d66dbd7f
Author: ccl2of4 <ccl2of4@tx.rr.com>
Date:   Thu Apr 9 19:31:43 2015 -0500

    added 404 page

commit d2d8ec392bbcdc3b555cea6af9382f7bac31a479
Author: Joe Van Loon <joevanloon@utexas.edu>
Date:   Thu Apr 9 19:16:54 2015 -0500

    Changed API calls

commit 205f47cf9ecd8c80f453b7d661fe77be451801ec
Author: Matthew Stromberg <mcmcmatthew@gmail.com>
Date:   Thu Apr 9 19:09:13 2015 -0500

    Transferring blueprint from apiary.io

commit c06b9c4f64136dd719270010558fd84c3659ef3d
Author: Matthew Stromberg <mcmcmatthew@gmail.com>
Date:   Thu Apr 9 19:05:31 2015 -0500

    update documentation

commit c7e57735d99d524b186c5fa30adeee9836817655
Author: rorytrankler <rory.trankler@gmail.com>
Date:   Thu Apr 9 18:39:57 2015 -0500

    Adds navbar links to every page
    
    Navbar links: Directory, About Us, Contact is now on every page.

commit 11174eeadc99614343923a718bb049739494ad96
Author: Matthew Stromberg <mcmcmatthew@gmail.com>
Date:   Thu Apr 9 18:27:33 2015 -0500

    remove extra data from API list all calls

commit eb4fe64d457bc416c168d2351d7cd149aa4bafa0
Merge: 1f4747b 88ab955
Author: User <drconnoramerica@utexas.edu>
Date:   Thu Apr 9 23:26:39 2015 +0000

    Merge branch 'master' of https://github.com/stmayne/cs373-idb

commit 1f4747be48f6aa6ffed3d723163f09494c256504
Author: User <drconnoramerica@utexas.edu>
Date:   Thu Apr 9 23:26:13 2015 +0000

    changed 'present' to '' for undefined end dates

commit 88ab95537c6d2fef14807eb1bb6e6191cda2a3a3
Author: rorytrankler <rory.trankler@gmail.com>
Date:   Thu Apr 9 18:19:57 2015 -0500

    Added start and end times to show
    
    Show page now shows start and end time.

commit 1a4a1897e2c500d80ee98b1a7dfbc344107b7d04
Author: rorytrankler <rory.trankler@gmail.com>
Date:   Thu Apr 9 18:19:37 2015 -0500

    Added pub dates to comic page
    
    Comic page now displays the start and end publish date

commit c4ee36a2d680e03a3e234826a2e37a1a6613638f
Author: Matthew Stromberg <mcmcmatthew@gmail.com>
Date:   Thu Apr 9 18:15:57 2015 -0500

    Fix bug in unpacking dictionaries

commit ed295d048bcb83eb1505f9a8854203fdf98ac7cd
Author: Matthew Stromberg <mcmcmatthew@gmail.com>
Date:   Thu Apr 9 18:08:17 2015 -0500

    add relations to API

commit 861c43fd4469ffda9c93d6e9e187f107accf943f
Merge: c59f8a3 a936bfe
Author: ccl2of4 <ccl2of4@tx.rr.com>
Date:   Thu Apr 9 18:01:01 2015 -0500

    Merge branch 'master' of https://github.com/stmayne/cs373-idb

commit c59f8a36f9ce591891bb7526950466761ba96c1b
Author: ccl2of4 <ccl2of4@tx.rr.com>
Date:   Thu Apr 9 18:00:54 2015 -0500

    changed comma separated values String to PickleType

commit a936bfe7e0070feb14761c88bbc5fbbc5b5b033d
Author: Stephen Mayne <smayne@wireless-10-147-35-156.public.utexas.edu>
Date:   Thu Apr 9 17:56:04 2015 -0500

    fixing about us images

commit 3de26acf975b9f99de55bac2b2add776e17425ab
Author: rorytrankler <rory.trankler@gmail.com>
Date:   Thu Apr 9 17:47:01 2015 -0500

    Added related characters to show page
    
    The show page now includes related characters

commit 531253a2cefdc00471e1f04aa5d8d4b455371f21
Author: rorytrankler <rory.trankler@gmail.com>
Date:   Thu Apr 9 17:46:33 2015 -0500

    Added related characters to comic page
    
    Comic page now has related characters

commit 7278aaa9d81b4a8fa9019b065a0affc93fc0cbf0
Merge: 38ec8cc 0e2f0ad
Author: User <drconnoramerica@utexas.edu>
Date:   Thu Apr 9 22:37:33 2015 +0000

    Merge branch 'master' of https://github.com/stmayne/cs373-idb

commit 38ec8cc08183423deba4ad41c690cb4c605cbaef
Author: User <drconnoramerica@utexas.edu>
Date:   Thu Apr 9 22:37:24 2015 +0000

    changed app.py dictionary setup

commit 0e2f0adf18fba85eb4e9c6d852125d366aa89488
Author: rorytrankler <rory.trankler@gmail.com>
Date:   Thu Apr 9 17:32:05 2015 -0500

    Adds related shows and comics to character page
    
    Using the template python dictionary. We insert related shows and
    comics.

commit aeaf0e5952d6e5dce7175b2e2d947454e0aba8f3
Author: Oscar Muller <muller.oscar@gmail.com>
Date:   Thu Apr 9 16:16:35 2015 -0500

    Updated UML.pdf

commit 24060d62630bffaa1ff5e8005711e484f3f187d1
Author: User <drconnoramerica@utexas.edu>
Date:   Thu Apr 9 21:03:50 2015 +0000

    query relationship data from database

commit b0a1cfce0fb09750d7036cbee44105774655f9ab
Author: Oscar Muller <muller.oscar@gmail.com>
Date:   Thu Apr 9 15:36:30 2015 -0500

    Added , report.pdf

commit 27f4008b9ee4b7ef10442b6f2056699ed1bb76fb
Author: User <drconnoramerica@utexas.edu>
Date:   Thu Apr 9 20:26:14 2015 +0000

    add to gitignore

commit 01ea83de0808652a186d928bb04f7e60247e3e89
Author: Joe Van Loon <joevanloon@utexas.edu>
Date:   Thu Apr 9 14:56:49 2015 -0500

    Moved app.py

commit 21416687f96536304dff809b0f09337d3b1d9998
Author: Oscar Muller <muller.oscar@gmail.com>
Date:   Thu Apr 9 14:27:46 2015 -0500

    Changed the models column fields to match the data.json

commit 7d23ea565068c6470f877afac2257400dfea3bb0
Author: User <drconnoramerica@utexas.edu>
Date:   Thu Apr 9 05:54:30 2015 +0000

    start making app work with models

commit b6f3c3d08cf862e5a0172134e1c18984f88cd0f0
Merge: b289061 fc2c977
Author: User <drconnoramerica@utexas.edu>
Date:   Thu Apr 9 03:23:10 2015 +0000

    Merge branch 'master' of https://github.com/stmayne/cs373-idb

commit b2890611ab00b5c883133a623a89ef7799f6d1f4
Author: User <drconnoramerica@utexas.edu>
Date:   Thu Apr 9 03:21:28 2015 +0000

    No longer recreating db at beginging

commit fc2c9777c9e5485778da7765d3c73767027bf3eb
Author: Oscar Muller <muller.oscar@gmail.com>
Date:   Wed Apr 8 21:59:56 2015 -0500

    Delete models.pyc

commit 0c3e0346e63f18fd183e8696598cfbf919830427
Author: Oscar Muller <muller.oscar@gmail.com>
Date:   Wed Apr 8 21:59:43 2015 -0500

    Delete config.pyc

commit 5a3d9e25cb4f24c60852f5e16e6bdcb7e462be62
Author: Oscar Muller <muller.oscar@gmail.com>
Date:   Wed Apr 8 21:53:55 2015 -0500

    Fixed issues with the changed models , tests and parser. Work correctly on local machine

commit 8f292fbe02e7b941caba4ff25c8b479d03b52717
Author: Oscar Muller <muller.oscar@gmail.com>
Date:   Wed Apr 8 21:14:55 2015 -0500

    Fixing a bug on models

commit 30c6f04a615d3595b505c039f43c7974425778c4
Author: Oscar Muller <muller.oscar@gmail.com>
Date:   Wed Apr 8 20:52:45 2015 -0500

    Changed the date format on the models aswell as the json and the unit test to reflect the change

commit d3d64619bd54717d45034011d27c5fa7e0331b69
Author: User <drconnoramerica@utexas.edu>
Date:   Thu Apr 9 01:12:28 2015 +0000

    fixed create_models, tests to work on vm

commit 013735538d40b99e983783038d25aa1f3c3cde8b
Author: ccl2of4 <ccl2of4@tx.rr.com>
Date:   Wed Apr 8 18:18:26 2015 -0500

    added unit tests for association tables

commit 90d63910b864c2e6ef016e3dba18d42e1214c51a
Author: ccl2of4 <ccl2of4@tx.rr.com>
Date:   Wed Apr 8 17:59:24 2015 -0500

    updated Data.json, finished model parser

commit 204f129123e26d88ed9fccc95936865630704b30
Author: rorytrankler <rory.trankler@gmail.com>
Date:   Wed Apr 8 15:27:21 2015 -0500

    Fixes search bar going off screen
    
    Search bar now dynamically resizes. This closes #24

commit 3c7240433888fc91a770c652b8b855fa30f76ac0
Author: ccl2of4 <ccl2of4@tx.rr.com>
Date:   Tue Apr 7 22:21:38 2015 -0500

    fixed another issue with Data.json

commit f6686f51352b8984225d1655d3b26d0dc395679c
Author: ccl2of4 <ccl2of4@tx.rr.com>
Date:   Tue Apr 7 22:20:03 2015 -0500

    fixed issue with data

commit d1f426394999d4d298f3d934c929b6dce8bff07c
Author: ccl2of4 <ccl2of4@tx.rr.com>
Date:   Tue Apr 7 22:19:06 2015 -0500

    updated Data.json with example relationships

commit 54f2e2143f3a01b0fb85058a444d87daf24602da
Author: ccl2of4 <ccl2of4@tx.rr.com>
Date:   Tue Apr 7 22:14:35 2015 -0500

    added script to create models

commit 22ae81fd100fbcfe71ea67c2d1936b631f4955e1
Author: ccl2of4 <ccl2of4@tx.rr.com>
Date:   Tue Apr 7 22:13:50 2015 -0500

    finished adding xref tables. added script to create models

commit 7785ecc41fcba69324c17fce7e0241c069f98c43
Author: Oscar Muller <muller.oscar@gmail.com>
Date:   Mon Apr 6 22:43:50 2015 -0500

    Created a different models.py that implements association objects instead of association tables

commit 6149cd5e3f40fbc2469f9d4d433ca3934c89fd97
Author: Stephen Mayne <smayne@Stephens-MacBook-Pro.local>
Date:   Thu Mar 26 21:51:01 2015 -0500

    adding updated log

commit 72fa23a3fc31cf52acb2b8a627f4a4ed7f21d551
Author: Stephen Mayne <smayne@Stephens-MacBook-Pro.local>
Date:   Thu Mar 26 21:50:36 2015 -0500

    adding UML

commit 23d6a111edae7149dbb9daeeea255c170116308f
Author: User <drconnoramerica@utexas.edu>
Date:   Fri Mar 27 02:49:24 2015 +0000

    added tests.out

commit 93a343e5660cef3ced32b72d032a439e3d41db2f
Author: Stephen Mayne <smayne@Stephens-MacBook-Pro.local>
Date:   Thu Mar 26 21:34:21 2015 -0500

    adding logfile

commit f290392e76884543eccce67dbe9bd0cf227038cd
Author: Stephen Mayne <smayne@Stephens-MacBook-Pro.local>
Date:   Thu Mar 26 21:32:59 2015 -0500

    fixed some errors on my personal page

commit 3cc908ce17c5a856dec4f49ae40d1f0345d671b2
Author: Joe Van Loon <joevanloon@utexas.edu>
Date:   Thu Mar 26 21:27:53 2015 -0500

    Remapped about link

commit d41b64e9c73068cef3edd43c86d5f5acc15af52f
Author: Stephen Mayne <smayne@Stephens-MacBook-Pro.local>
Date:   Thu Mar 26 21:25:28 2015 -0500

    added in information to the about us page for all group members

commit 7f85815eed93767203e20539d94db18e34253e4a
Author: Joe Van Loon <joevanloon@utexas.edu>
Date:   Thu Mar 26 21:16:48 2015 -0500

    Reran the models pydoc

commit 148acdace254034da4fb88ff9d4cd4bbd3ebd514
Author: Joe Van Loon <joevanloon@utexas.edu>
Date:   Thu Mar 26 20:39:20 2015 -0500

    Updated relations spacing

commit 78d0082ea45553fdb4b83bebaea0bab66cf36b20
Author: User <drconnoramerica@utexas.edu>
Date:   Fri Mar 27 01:48:43 2015 +0000

    *

commit 0d47d77321efa91331bc0b2833a88688baa96b18
Merge: 1f37f35 54c8b25
Author: User <drconnoramerica@utexas.edu>
Date:   Fri Mar 27 01:04:28 2015 +0000

    Merge branch 'master' of https://github.com/stmayne/cs373-idb

commit 1f37f35572d979c2524a98c1c9a68af975b58c8c
Author: User <drconnoramerica@utexas.edu>
Date:   Fri Mar 27 01:03:44 2015 +0000

    fixed config

commit 54c8b25ba7e5325337892193aa3f608a1f7354f6
Author: Joe Van Loon <joevanloon@utexas.edu>
Date:   Thu Mar 26 19:59:44 2015 -0500

    Added relations to the json file

commit 7f780c3005befdb8f49f6ccdecf2c1ff14c81e5f
Author: User <drconnoramerica@utexas.edu>
Date:   Fri Mar 27 00:58:21 2015 +0000

    fixed db issue

commit cd52f4c7509ac450d310390e8ec1b0fa339db582
Author: Joe Van Loon <joevanloon@utexas.edu>
Date:   Thu Mar 26 19:32:46 2015 -0500

    Added relations to templates

commit 542b33301f9535427475091f46c1ea9241d8140d
Author: Joe Van Loon <joevanloon@utexas.edu>
Date:   Thu Mar 26 19:03:02 2015 -0500

    Added a link to the about page

commit 09ad1cbbb91f3abfa7c6477d0c76fac68ece72d4
Author: Matthew Stromberg <mcmcmatthew@gmail.com>
Date:   Thu Mar 26 18:47:34 2015 -0500

    Transferring blueprint from apiary.io

commit d6163d3cf211f45a28275f9bd11466d38731cd77
Author: Oscar Muller <muller.oscar@gmail.com>
Date:   Thu Mar 26 18:40:38 2015 -0500

    Added descriptions and images to comics

commit 052d537dde48ff977826ea37beeb3af17294431c
Author: Oscar Muller <muller.oscar@gmail.com>
Date:   Thu Mar 26 18:21:53 2015 -0500

    Added images and descriptions to tvshows

commit a32cb7353098b52716e8d56ee2a7b58bd60da3a8
Author: Oscar Muller <muller.oscar@gmail.com>
Date:   Thu Mar 26 18:01:06 2015 -0500

    Fixed image link direction

commit eea30ce0a75b17ecf3c86b8adc6831a67aa1dcfe
Author: Oscar Muller <muller.oscar@gmail.com>
Date:   Thu Mar 26 17:56:25 2015 -0500

    Added images to characters

commit 0d72779a79ee737192c96c031a1043a407ea9947
Author: Matthew Stromberg <mcmcmatthew@gmail.com>
Date:   Thu Mar 26 17:54:28 2015 -0500

    Transferring blueprint from apiary.io

commit 4d0f28a4d444784e7d260a71603ee09d576fa3ac
Author: Joe Van Loon <joevanloon@utexas.edu>
Date:   Thu Mar 26 17:36:13 2015 -0500

    Added json requests to the API
    
    Also fixed an error in the json data

commit 7f124a99c69fd93c52923fa46f10ab91b90c271c
Author: Joe Van Loon <joevanloon@utexas.edu>
Date:   Thu Mar 26 16:47:36 2015 -0500

    Added templating to the directory

commit 3c4052942f56f591db51b3ff0c0152d4b3cb5b68
Author: rorytrankler <rory.trankler@gmail.com>
Date:   Thu Mar 26 16:10:35 2015 -0500

    Injects python into comic and show pages
    
    Uses the templated code blocks to added passed in python variable values
    into the comic and show page.

commit ab5954651b1b3c0c15a39970d8a6cbc90952de14
Author: rorytrankler <rory.trankler@gmail.com>
Date:   Thu Mar 26 15:42:30 2015 -0500

    Fixes to Character page
    
    Fixed formatting issues

commit da0bde02ca5f91e08eac70add84745f9df12326b
Author: Joe Van Loon <joevanloon@utexas.edu>
Date:   Thu Mar 26 15:39:49 2015 -0500

    Ran pydoc on the models

commit 58258000c537dd63cf9c6ccf4f5e4b582f8356b0
Author: Joe Van Loon <joevanloon@utexas.edu>
Date:   Thu Mar 26 15:24:52 2015 -0500

    Added about page mapping

commit c0fc5c0e600cf57f0a9f7dc050d75f00f673f66e
Author: Joe Van Loon <joevanloon@utexas.edu>
Date:   Thu Mar 26 15:00:44 2015 -0500

    Updated templating

commit c553f02ed8fed8bf8d4564337c567536e6b7ed13
Author: rorytrankler <rory.trankler@gmail.com>
Date:   Thu Mar 26 14:49:01 2015 -0500

    Fixes description on character page
    
    the picture url was being used for description

commit 090e24b12e7fcf30e10d7f8b72552eec82094b94
Author: Joe Van Loon <joevanloon@utexas.edu>
Date:   Thu Mar 26 14:13:23 2015 -0500

    Fixed list templating

commit d6e9e377bfad732bca343dcc77720705bc40a515
Author: Joe Van Loon <joevanloon@utexas.edu>
Date:   Thu Mar 26 14:04:36 2015 -0500

    Set default image

commit c1969edae41e35c8c2b32d23c3df8455684175ae
Author: Matthew Stromberg <mcmcmatthew@gmail.com>
Date:   Thu Mar 26 13:50:12 2015 -0500

    Transferring blueprint from apiary.io

commit c5e8da7b35df37a9f258d9e0f8b72a0c7755ca59
Author: Matthew Stromberg <mcmcmatthew@gmail.com>
Date:   Thu Mar 26 13:49:32 2015 -0500

    Transferring blueprint from apiary.io

commit 3c496c30103238d105f54f1f431cad590e43480b
Author: Joe Van Loon <joevanloon@utexas.edu>
Date:   Thu Mar 26 13:30:46 2015 -0500

    Fixed unpacking in API

commit 140022a51a9b598d0fbb2189c48facaf7a54781a
Author: rorytrankler <rory.trankler@gmail.com>
Date:   Thu Mar 26 13:18:49 2015 -0500

    Fixed bug that defined loop_item twice
    
    loop_item used twice to define 2 separate loops

commit 52d09c052d04930bf726fdb3cca530c3cc930a21
Author: Joe Van Loon <joevanloon@utexas.edu>
Date:   Thu Mar 26 13:11:23 2015 -0500

    Fixed small link issues

commit 990f7d3b8b42d3fefa98e6f14eb71a9b4b2e3bd0
Author: Joe Van Loon <joevanloon@utexas.edu>
Date:   Thu Mar 26 13:07:31 2015 -0500

    Added json data
    
    Also hooked it into templating.

commit ec124ba8dbe3bf43a42d3db1e4bfd6edc678fa5e
Author: rorytrankler <rory.trankler@gmail.com>
Date:   Thu Mar 26 13:03:45 2015 -0500

    Adds python injections to character page
    
    using the template block content syntax. We add values from the passed
    in dictionary to the character page.

commit 162aec93d72f9e19fc412d168a3d835c4925df4b
Author: Stephen Mayne <smayne@Stephens-MacBook-Pro.local>
Date:   Thu Mar 26 11:58:03 2015 -0500

    fixed directory linking

commit 514e28f630ac6454cdd9139bd28da373d2606b5f
Author: Stephen Mayne <smayne@Stephens-MacBook-Pro.local>
Date:   Thu Mar 26 04:28:02 2015 -0500

    added correct favicon image

commit cfa15070a9ca24a4c5abc97779067d5eaf5db1ed
Author: Stephen Mayne <smayne@Stephens-MacBook-Pro.local>
Date:   Thu Mar 26 04:19:57 2015 -0500

    moved favicon into images folder

commit 14c0d3151b46a9dbd9f7c53d60f34a41aeeb5a71
Author: User <drconnoramerica@utexas.edu>
Date:   Thu Mar 26 09:01:18 2015 +0000

    correct listing for directory page

commit f2e940594b4a61c58fa48cfd8692df1cfa7683b0
Author: User <drconnoramerica@utexas.edu>
Date:   Thu Mar 26 08:45:58 2015 +0000

    Revert "added listing for directory"
    
    This reverts commit 01e2205a03c5e44eff8b5dffabdef88fbe118358.

commit 01e2205a03c5e44eff8b5dffabdef88fbe118358
Author: Stephen Mayne <smayne@Stephens-MacBook-Pro.local>
Date:   Thu Mar 26 03:37:40 2015 -0500

    added listing for directory

commit 15edfc056a520aeeadfce3c0ff50f5c2a01f1895
Author: Stephen Mayne <smayne@Stephens-MacBook-Pro.local>
Date:   Thu Mar 26 03:33:00 2015 -0500

    changes to directory page

commit b732b9c7193806c97627e602ce2df4535779c7f5
Author: Stephen Mayne <smayne@Stephens-MacBook-Pro.local>
Date:   Thu Mar 26 02:54:08 2015 -0500

    adding initial directory code

commit ec82df7a90821a496d0e1985721b4eff8b8bb5f6
Author: Stephen Mayne <smayne@Stephens-MacBook-Pro.local>
Date:   Thu Mar 26 02:02:40 2015 -0500

    updated favicon

commit 6e503c42901879aa3515c48870946a42b2b95cc4
Author: rorytrankler <rory.trankler@gmail.com>
Date:   Thu Mar 26 01:10:52 2015 -0500

    Fixed search bar to not be an email input
    
    changed search bar on home page to be type="text" instead of email

commit 90987e9e4d0f01e0f3bd6371523b4fba18fbb1db
Author: Joe Van Loon <joevanloon@utexas.edu>
Date:   Thu Mar 26 00:23:11 2015 -0500

    Made a small change to the API

commit 8a04d4dd8454de7d99945073e8bb47a57a1f1529
Author: rorytrankler <rory.trankler@gmail.com>
Date:   Wed Mar 25 23:20:37 2015 -0500

    Added comic and show pages
    
    Added the HTML for the comic and show page

commit dffbd286dfe78f730c8cba552c9a4645788705e9
Author: Stephen Mayne <smayne@Stephens-MacBook-Pro.local>
Date:   Wed Mar 25 20:04:34 2015 -0500

    cleaning up homepage

commit 2456f27e3588e6e9dde64f2d75b8507b16fbb34d
Author: User <drconnoramerica@utexas.edu>
Date:   Thu Mar 26 00:23:52 2015 +0000

    worked on unit tests. fixed errors in models.py

commit b2cc51703a6fcb1766acd72bc91a60094c1d1ddf
Author: matthew2 <matthew2@cs.utexas.edu>
Date:   Wed Mar 25 01:18:08 2015 -0500

    add documentation to models

commit 2c64576efbc1de32dd9d972a89e8bacf249f5df5
Author: Matthew Stromberg <mcmcmatthew@gmail.com>
Date:   Wed Mar 25 00:18:41 2015 -0500

    Transferring blueprint from apiary.io

commit 84a34efdf8e6237eb4ebcb8be13c73267411ce24
Author: server <server@104.239.137.220>
Date:   Tue Mar 24 20:17:48 2015 +0000

    started writing unit tests

commit 4790b7844efdb8ffd25489ed86af0981763859c6
Author: Oscar Muller <muller.oscar@gmail.com>
Date:   Mon Mar 23 15:09:47 2015 -0500

    Added the relationships

commit 736e8a4c2647fdcf4add375c6f30662ef45daaf7
Merge: 1139f50 d39d8d5
Author: Oscar Muller <muller.oscar@gmail.com>
Date:   Mon Mar 23 15:06:31 2015 -0500

    Merge branch 'master' of https://github.com/stmayne/cs373-idb

commit 1139f50dfa624ed4a778842a6803a41e0ea7535b
Author: Oscar Muller <muller.oscar@gmail.com>
Date:   Mon Mar 23 15:06:09 2015 -0500

    Added a m-m relationship

commit d39d8d5a33da69073db2758c62013edc6e1b638b
Author: Matthew Stromberg <mcmcmatthew@gmail.com>
Date:   Sun Mar 22 23:35:31 2015 -0500

    Transferring blueprint from apiary.io

commit 119cbdb020bb750c830656e2409f9be89e809947
Author: Matthew Stromberg <mcmcmatthew@gmail.com>
Date:   Sun Mar 22 23:32:40 2015 -0500

    Transferring blueprint from apiary.io

commit 6d154549821ad0086e915770742aeb134611330e
Author: rorytrankler <rory.trankler@gmail.com>
Date:   Sun Mar 22 20:59:24 2015 -0500

    Added character page
    
    Added the HTML file for the character page

commit 0cc017899c138ec205224ae9a02fe4c335079456
Author: Oscar Muller <muller.oscar@gmail.com>
Date:   Thu Mar 19 16:44:15 2015 -0500

    Added the models.py, might require changes

commit a9548340682cfe16d023d434c96769da9a563267
Author: server <server@104.239.137.220>
Date:   Thu Mar 19 20:40:28 2015 +0000

    Added the skeleton of the API.

commit 097ce0838659a242ca566a49315ddd69b2f0d7ae
Author: rorytrankler <rory.trankler@gmail.com>
Date:   Wed Mar 18 20:49:49 2015 -0500

    Initial Commit (home page)
    
    This includes the html for the home page (initial version). This also
    includes the css/js/images resources along w/ app.py which routes
    requests to html right now.
